<?xml version="1.0" encoding="UTF-8"?>
<testsuite xmlns:xsi="http://www.w3.org/2001/XMLSchema-instance" xsi:noNamespaceSchemaLocation="https://maven.apache.org/surefire/maven-surefire-plugin/xsd/surefire-test-report-3.0.xsd" version="3.0" name="com.devigor.zilla_order.controller.ProductControllerTest" time="51.992" tests="1" errors="0" skipped="0" failures="0">
  <properties>
[...]
</properties>
  <testcase name="shouldCreateProduct" classname="com.devigor.zilla_order.controller.ProductControllerTest" time="6.781">
    <system-out><![CDATA[18:44:14.950 [main] INFO org.springframework.test.context.support.AnnotationConfigContextLoaderUtils -- Could not detect default configuration classes for test class [com.devigor.zilla_order.controller.ProductControllerTest]: ProductControllerTest does not declare any static, non-private, non-final, nested classes annotated with @Configuration.
18:44:15.151 [main] INFO org.springframework.boot.test.context.SpringBootTestContextBootstrapper -- Found @SpringBootConfiguration com.devigor.zilla_order.ZillaOrderApplication for test class com.devigor.zilla_order.controller.ProductControllerTest
18:44:15.407 [main] INFO org.testcontainers.images.PullPolicy -- Image pull policy will be performed by: DefaultPullPolicy()
18:44:15.412 [main] INFO org.testcontainers.utility.ImageNameSubstitutor -- Image name substitution will be performed by: DefaultImageNameSubstitutor (composite of 'ConfigurationFileImageNameSubstitutor' and 'PrefixingImageNameSubstitutor')
18:44:15.488 [main] INFO org.testcontainers.DockerClientFactory -- Testcontainers version: 1.20.4
18:44:16.074 [main] INFO org.testcontainers.dockerclient.DockerClientProviderStrategy -- Found Docker environment with local Npipe socket (npipe:////./pipe/docker_engine)
18:44:16.088 [main] INFO org.testcontainers.DockerClientFactory -- Docker host IP address is localhost
18:44:16.114 [main] INFO org.testcontainers.DockerClientFactory -- Connected to docker: 
  Server Version: 24.0.7
  API Version: 1.43
  Operating System: Docker Desktop
  Total Memory: 7789 MB
18:44:16.172 [main] INFO tc.testcontainers/ryuk:0.11.0 -- Pulling docker image: testcontainers/ryuk:0.11.0. Please be patient; this may take some time but only needs to be done once.
18:44:16.498 [main] INFO org.testcontainers.utility.RegistryAuthLocator -- Credential helper/store (docker-credential-desktop) does not have credentials for https://index.docker.io/v1/
18:44:18.334 [docker-java-stream--1327023394] INFO tc.testcontainers/ryuk:0.11.0 -- Starting to pull image
18:44:18.354 [docker-java-stream--1327023394] INFO tc.testcontainers/ryuk:0.11.0 -- Pulling image layers:  0 pending,  0 downloaded,  0 extracted, (0 bytes/0 bytes)
18:44:19.595 [docker-java-stream--1327023394] INFO tc.testcontainers/ryuk:0.11.0 -- Pulling image layers:  2 pending,  1 downloaded,  0 extracted, (906 KB/? MB)
18:44:19.925 [docker-java-stream--1327023394] INFO tc.testcontainers/ryuk:0.11.0 -- Pulling image layers:  1 pending,  2 downloaded,  0 extracted, (6 MB/? MB)
18:44:20.109 [docker-java-stream--1327023394] INFO tc.testcontainers/ryuk:0.11.0 -- Pulling image layers:  0 pending,  3 downloaded,  0 extracted, (9 MB/10 MB)
18:44:20.366 [docker-java-stream--1327023394] INFO tc.testcontainers/ryuk:0.11.0 -- Pulling image layers:  0 pending,  3 downloaded,  1 extracted, (9 MB/10 MB)
18:44:20.571 [docker-java-stream--1327023394] INFO tc.testcontainers/ryuk:0.11.0 -- Pulling image layers:  0 pending,  3 downloaded,  2 extracted, (10 MB/10 MB)
18:44:20.670 [docker-java-stream--1327023394] INFO tc.testcontainers/ryuk:0.11.0 -- Pulling image layers:  0 pending,  3 downloaded,  3 extracted, (10 MB/10 MB)
18:44:20.704 [docker-java-stream--1327023394] INFO tc.testcontainers/ryuk:0.11.0 -- Pull complete. 3 layers, pulled in 2s (downloaded 10 MB at 5 MB/s)
18:44:20.704 [main] INFO tc.testcontainers/ryuk:0.11.0 -- Image testcontainers/ryuk:0.11.0 pull took PT4.5319962S
18:44:20.748 [main] INFO tc.testcontainers/ryuk:0.11.0 -- Creating container for image: testcontainers/ryuk:0.11.0
18:44:21.115 [main] INFO tc.testcontainers/ryuk:0.11.0 -- Container testcontainers/ryuk:0.11.0 is starting: 640e9dda8265017f998a5f97406dccef1bc00b3ed4c495e35b29e3032d534518
18:44:21.813 [main] INFO tc.testcontainers/ryuk:0.11.0 -- Container testcontainers/ryuk:0.11.0 started in PT1.0651958S
18:44:21.826 [main] INFO org.testcontainers.utility.RyukResourceReaper -- Ryuk started - will monitor and terminate Testcontainers containers on JVM exit
18:44:21.826 [main] INFO org.testcontainers.DockerClientFactory -- Checking the system...
18:44:21.827 [main] INFO org.testcontainers.DockerClientFactory -- ✔︎ Docker server version should be at least 1.6.0
18:44:21.834 [main] INFO tc.mongo:4.4.2 -- Pulling docker image: mongo:4.4.2. Please be patient; this may take some time but only needs to be done once.
18:44:23.320 [docker-java-stream-1959233192] INFO tc.mongo:4.4.2 -- Starting to pull image
18:44:23.322 [docker-java-stream-1959233192] INFO tc.mongo:4.4.2 -- Pulling image layers:  0 pending,  0 downloaded,  0 extracted, (0 bytes/0 bytes)
18:44:24.226 [docker-java-stream-1959233192] INFO tc.mongo:4.4.2 -- Pulling image layers: 11 pending,  1 downloaded,  0 extracted, (162 bytes/? MB)
18:44:24.261 [docker-java-stream-1959233192] INFO tc.mongo:4.4.2 -- Pulling image layers: 10 pending,  2 downloaded,  0 extracted, (1012 bytes/? MB)
18:44:24.887 [docker-java-stream-1959233192] INFO tc.mongo:4.4.2 -- Pulling image layers:  9 pending,  3 downloaded,  0 extracted, (8 MB/? MB)
18:44:25.341 [docker-java-stream-1959233192] INFO tc.mongo:4.4.2 -- Pulling image layers:  8 pending,  4 downloaded,  0 extracted, (16 MB/? MB)
18:44:25.935 [docker-java-stream-1959233192] INFO tc.mongo:4.4.2 -- Pulling image layers:  7 pending,  5 downloaded,  0 extracted, (27 MB/? MB)
18:44:26.191 [docker-java-stream-1959233192] INFO tc.mongo:4.4.2 -- Pulling image layers:  6 pending,  6 downloaded,  0 extracted, (31 MB/? MB)
18:44:26.203 [docker-java-stream-1959233192] INFO tc.mongo:4.4.2 -- Pulling image layers:  5 pending,  7 downloaded,  0 extracted, (32 MB/? MB)
18:44:26.517 [docker-java-stream-1959233192] INFO tc.mongo:4.4.2 -- Pulling image layers:  4 pending,  8 downloaded,  0 extracted, (32 MB/? MB)
18:44:26.827 [docker-java-stream-1959233192] INFO tc.mongo:4.4.2 -- Pulling image layers:  3 pending,  9 downloaded,  0 extracted, (32 MB/? MB)
18:44:27.060 [docker-java-stream-1959233192] INFO tc.mongo:4.4.2 -- Pulling image layers:  2 pending, 10 downloaded,  0 extracted, (32 MB/? MB)
18:44:27.484 [docker-java-stream-1959233192] INFO tc.mongo:4.4.2 -- Pulling image layers:  1 pending, 11 downloaded,  0 extracted, (37 MB/? MB)
18:44:29.344 [docker-java-stream-1959233192] INFO tc.mongo:4.4.2 -- Pulling image layers:  1 pending, 11 downloaded,  1 extracted, (70 MB/? MB)
18:44:29.418 [docker-java-stream-1959233192] INFO tc.mongo:4.4.2 -- Pulling image layers:  1 pending, 11 downloaded,  2 extracted, (70 MB/? MB)
18:44:29.482 [docker-java-stream-1959233192] INFO tc.mongo:4.4.2 -- Pulling image layers:  1 pending, 11 downloaded,  3 extracted, (71 MB/? MB)
18:44:29.567 [docker-java-stream-1959233192] INFO tc.mongo:4.4.2 -- Pulling image layers:  1 pending, 11 downloaded,  4 extracted, (73 MB/? MB)
18:44:30.146 [docker-java-stream-1959233192] INFO tc.mongo:4.4.2 -- Pulling image layers:  1 pending, 11 downloaded,  5 extracted, (82 MB/? MB)
18:44:30.736 [docker-java-stream-1959233192] INFO tc.mongo:4.4.2 -- Pulling image layers:  1 pending, 11 downloaded,  6 extracted, (91 MB/? MB)
18:44:30.785 [docker-java-stream-1959233192] INFO tc.mongo:4.4.2 -- Pulling image layers:  1 pending, 11 downloaded,  7 extracted, (91 MB/? MB)
18:44:30.835 [docker-java-stream-1959233192] INFO tc.mongo:4.4.2 -- Pulling image layers:  1 pending, 11 downloaded,  8 extracted, (91 MB/? MB)
18:44:30.883 [docker-java-stream-1959233192] INFO tc.mongo:4.4.2 -- Pulling image layers:  1 pending, 11 downloaded,  9 extracted, (94 MB/? MB)
18:44:34.727 [docker-java-stream-1959233192] INFO tc.mongo:4.4.2 -- Pulling image layers:  0 pending, 12 downloaded,  9 extracted, (169 MB/169 MB)
18:44:39.806 [docker-java-stream-1959233192] INFO tc.mongo:4.4.2 -- Pulling image layers:  0 pending, 12 downloaded, 10 extracted, (169 MB/169 MB)
18:44:39.843 [docker-java-stream-1959233192] INFO tc.mongo:4.4.2 -- Pulling image layers:  0 pending, 12 downloaded, 11 extracted, (169 MB/169 MB)
18:44:39.877 [docker-java-stream-1959233192] INFO tc.mongo:4.4.2 -- Pulling image layers:  0 pending, 12 downloaded, 12 extracted, (169 MB/169 MB)
18:44:39.910 [main] INFO tc.mongo:4.4.2 -- Image mongo:4.4.2 pull took PT18.0760012S
18:44:39.910 [docker-java-stream-1959233192] INFO tc.mongo:4.4.2 -- Pull complete. 12 layers, pulled in 16s (downloaded 169 MB at 10 MB/s)
18:44:39.917 [main] INFO tc.mongo:4.4.2 -- Creating container for image: mongo:4.4.2
18:44:40.692 [main] INFO tc.mongo:4.4.2 -- Container mongo:4.4.2 is starting: bd3956ae4b6d20e14df1748696217ca792f813e775189edf49db24363762f9cd
18:44:42.427 [main] INFO tc.mongo:4.4.2 -- Container mongo:4.4.2 started in PT2.5102061S

  .   ____          _            __ _ _
 /\\ / ___'_ __ _ _(_)_ __  __ _ \ \ \ \
( ( )\___ | '_ | '_| | '_ \/ _` | \ \ \ \
 \\/  ___)| |_)| | | | | || (_| |  ) ) ) )
  '  |____| .__|_| |_|_| |_\__, | / / / /
 =========|_|==============|___/=/_/_/_/

 :: Spring Boot ::                (v3.3.5)

2024-12-04T18:44:43.584Z  INFO 83524 --- [zilla-order] [           main] c.d.z.controller.ProductControllerTest   : Starting ProductControllerTest using Java 21.0.2 with PID 83524 (started by igorp in C:\Users\igorp\Documents\Code\Igor\projects\zilla-order\zilla-order)
2024-12-04T18:44:43.587Z  INFO 83524 --- [zilla-order] [           main] c.d.z.controller.ProductControllerTest   : No active profile set, falling back to 1 default profile: "default"
2024-12-04T18:44:45.268Z  INFO 83524 --- [zilla-order] [           main] .s.d.r.c.RepositoryConfigurationDelegate : Bootstrapping Spring Data MongoDB repositories in DEFAULT mode.
2024-12-04T18:44:45.500Z  INFO 83524 --- [zilla-order] [           main] .s.d.r.c.RepositoryConfigurationDelegate : Finished Spring Data repository scanning in 211 ms. Found 1 MongoDB repository interface.
2024-12-04T18:44:46.775Z  INFO 83524 --- [zilla-order] [           main] org.mongodb.driver.client                : MongoClient with metadata {"driver": {"name": "mongo-java-driver|sync|spring-boot", "version": "5.0.1"}, "os": {"type": "Windows", "name": "Windows 11", "architecture": "amd64", "version": "10.0"}, "platform": "Java/Oracle Corporation/21.0.2+13-58"} created with settings MongoClientSettings{readPreference=primary, writeConcern=WriteConcern{w=null, wTimeout=null ms, journal=null}, retryWrites=true, retryReads=true, readConcern=ReadConcern{level=null}, credential=null, transportSettings=null, commandListeners=[], codecRegistry=ProvidersCodecRegistry{codecProviders=[ValueCodecProvider{}, BsonValueCodecProvider{}, DBRefCodecProvider{}, DBObjectCodecProvider{}, DocumentCodecProvider{}, CollectionCodecProvider{}, IterableCodecProvider{}, MapCodecProvider{}, GeoJsonCodecProvider{}, GridFSFileCodecProvider{}, Jsr310CodecProvider{}, JsonObjectCodecProvider{}, BsonCodecProvider{}, EnumCodecProvider{}, com.mongodb.client.model.mql.ExpressionCodecProvider@671d97bc, com.mongodb.Jep395RecordCodecProvider@774f2992, com.mongodb.KotlinCodecProvider@602298b]}, loggerSettings=LoggerSettings{maxDocumentLength=1000}, clusterSettings={hosts=[localhost:61376], srvServiceName=mongodb, mode=SINGLE, requiredClusterType=UNKNOWN, requiredReplicaSetName='null', serverSelector='null', clusterListeners='[]', serverSelectionTimeout='30000 ms', localThreshold='15 ms'}, socketSettings=SocketSettings{connectTimeoutMS=10000, readTimeoutMS=0, receiveBufferSize=0, proxySettings=ProxySettings{host=null, port=null, username=null, password=null}}, heartbeatSocketSettings=SocketSettings{connectTimeoutMS=10000, readTimeoutMS=10000, receiveBufferSize=0, proxySettings=ProxySettings{host=null, port=null, username=null, password=null}}, connectionPoolSettings=ConnectionPoolSettings{maxSize=100, minSize=0, maxWaitTimeMS=120000, maxConnectionLifeTimeMS=0, maxConnectionIdleTimeMS=0, maintenanceInitialDelayMS=0, maintenanceFrequencyMS=60000, connectionPoolListeners=[], maxConnecting=2}, serverSettings=ServerSettings{heartbeatFrequencyMS=10000, minHeartbeatFrequencyMS=500, serverListeners='[]', serverMonitorListeners='[]'}, sslSettings=SslSettings{enabled=false, invalidHostNameAllowed=false, context=null}, applicationName='null', compressorList=[], uuidRepresentation=JAVA_LEGACY, serverApi=null, autoEncryptionSettings=null, dnsClient=null, inetAddressResolver=null, contextProvider=null}
2024-12-04T18:44:46.809Z  INFO 83524 --- [zilla-order] [localhost:61376] org.mongodb.driver.cluster               : Monitor thread successfully connected to server with description ServerDescription{address=localhost:61376, type=REPLICA_SET_PRIMARY, state=CONNECTED, ok=true, minWireVersion=0, maxWireVersion=9, maxDocumentSize=16777216, logicalSessionTimeoutMinutes=30, roundTripTimeNanos=81181200, setName='docker-rs', canonicalAddress=bd3956ae4b6d:27017, hosts=[bd3956ae4b6d:27017], passives=[], arbiters=[], primary='bd3956ae4b6d:27017', tagSet=TagSet{[]}, electionId=7fffffff0000000000000001, setVersion=1, topologyVersion=TopologyVersion{processId=6750a319df7202e4a91dfa12, counter=6}, lastWriteDate=Wed Dec 04 18:44:42 WET 2024, lastUpdateTimeNanos=801790173677600}
2024-12-04T18:44:47.963Z  WARN 83524 --- [zilla-order] [           main] .s.s.UserDetailsServiceAutoConfiguration : 

Using generated security password: 0da7acf6-204d-49c0-b610-665d44cf120d

This generated password is for development use only. Your security configuration must be updated before running your application in production.

2024-12-04T18:44:48.048Z  INFO 83524 --- [zilla-order] [           main] r$InitializeUserDetailsManagerConfigurer : Global AuthenticationManager configured with UserDetailsService bean with name inMemoryUserDetailsManager
2024-12-04T18:44:50.074Z  INFO 83524 --- [zilla-order] [           main] o.s.b.t.m.w.SpringBootMockServletContext : Initializing Spring TestDispatcherServlet ''
2024-12-04T18:44:50.075Z  INFO 83524 --- [zilla-order] [           main] o.s.t.web.servlet.TestDispatcherServlet  : Initializing Servlet ''
2024-12-04T18:44:50.081Z  INFO 83524 --- [zilla-order] [           main] o.s.t.web.servlet.TestDispatcherServlet  : Completed initialization in 6 ms
2024-12-04T18:44:50.161Z  INFO 83524 --- [zilla-order] [           main] c.d.z.controller.ProductControllerTest   : Started ProductControllerTest in 7.116 seconds (process running for 36.575)
2024-12-04T18:44:50.173Z  INFO 83524 --- [zilla-order] [           main] c.d.zilla_order.ZillaOrderApplication    : Customers found with findAll():
2024-12-04T18:44:50.174Z  INFO 83524 --- [zilla-order] [           main] c.d.zilla_order.ZillaOrderApplication    : -------------------------------
2024-12-04T18:44:56.017Z  INFO 83524 --- [zilla-order] [           main] c.d.zilla_order.service.ProductService   : Product Iphone 10 created successfully
]]></system-out>
    <system-err><![CDATA[WARNING: A Java agent has been loaded dynamically (C:\Users\igorp\.m2\repository\net\bytebuddy\byte-buddy-agent\1.14.19\byte-buddy-agent-1.14.19.jar)
WARNING: If a serviceability tool is in use, please run with -XX:+EnableDynamicAgentLoading to hide this warning
WARNING: If a serviceability tool is not in use, please run with -Djdk.instrument.traceUsage for more information
WARNING: Dynamic loading of agents will be disallowed by default in a future release
]]></system-err>
  </testcase>
</testsuite>