<?xml version="1.0" encoding="UTF-8"?>
<testsuite xmlns:xsi="http://www.w3.org/2001/XMLSchema-instance" xsi:noNamespaceSchemaLocation="https://maven.apache.org/surefire/maven-surefire-plugin/xsd/surefire-test-report-3.0.xsd" version="3.0" name="com.devigor.zilla_order.ZillaOrderApplicationTests" time="2.832" tests="1" errors="0" skipped="0" failures="0">
  <properties>
[...]
</properties>
  <testcase name="contextLoads" classname="com.devigor.zilla_order.ZillaOrderApplicationTests" time="0.004">
    <system-out><![CDATA[2024-12-04T18:45:06.674Z  INFO 83524 --- [zilla-order] [           main] t.c.s.AnnotationConfigContextLoaderUtils : Could not detect default configuration classes for test class [com.devigor.zilla_order.ZillaOrderApplicationTests]: ZillaOrderApplicationTests does not declare any static, non-private, non-final, nested classes annotated with @Configuration.
2024-12-04T18:45:06.689Z  INFO 83524 --- [zilla-order] [           main] .b.t.c.SpringBootTestContextBootstrapper : Found @SpringBootConfiguration com.devigor.zilla_order.ZillaOrderApplication for test class com.devigor.zilla_order.ZillaOrderApplicationTests

  .   ____          _            __ _ _
 /\\ / ___'_ __ _ _(_)_ __  __ _ \ \ \ \
( ( )\___ | '_ | '_| | '_ \/ _` | \ \ \ \
 \\/  ___)| |_)| | | | | || (_| |  ) ) ) )
  '  |____| .__|_| |_|_| |_\__, | / / / /
 =========|_|==============|___/=/_/_/_/

 :: Spring Boot ::                (v3.3.5)

2024-12-04T18:45:06.733Z  INFO 83524 --- [zilla-order] [           main] c.d.z.ZillaOrderApplicationTests         : Starting ZillaOrderApplicationTests using Java 21.0.2 with PID 83524 (started by igorp in C:\Users\igorp\Documents\Code\Igor\projects\zilla-order\zilla-order)
2024-12-04T18:45:06.733Z  INFO 83524 --- [zilla-order] [           main] c.d.z.ZillaOrderApplicationTests         : No active profile set, falling back to 1 default profile: "default"
2024-12-04T18:45:06.878Z  INFO 83524 --- [zilla-order] [           main] .s.d.r.c.RepositoryConfigurationDelegate : Bootstrapping Spring Data MongoDB repositories in DEFAULT mode.
2024-12-04T18:45:06.888Z  INFO 83524 --- [zilla-order] [           main] .s.d.r.c.RepositoryConfigurationDelegate : Finished Spring Data repository scanning in 9 ms. Found 1 MongoDB repository interface.
2024-12-04T18:45:06.968Z  INFO 83524 --- [zilla-order] [           main] org.mongodb.driver.client                : MongoClient with metadata {"driver": {"name": "mongo-java-driver|sync|spring-boot", "version": "5.0.1"}, "os": {"type": "Windows", "name": "Windows 11", "architecture": "amd64", "version": "10.0"}, "platform": "Java/Oracle Corporation/21.0.2+13-58"} created with settings MongoClientSettings{readPreference=primary, writeConcern=WriteConcern{w=null, wTimeout=null ms, journal=null}, retryWrites=true, retryReads=true, readConcern=ReadConcern{level=null}, credential=MongoCredential{mechanism=null, userName='root', source='admin', password=<hidden>, mechanismProperties=<hidden>}, transportSettings=null, commandListeners=[], codecRegistry=ProvidersCodecRegistry{codecProviders=[ValueCodecProvider{}, BsonValueCodecProvider{}, DBRefCodecProvider{}, DBObjectCodecProvider{}, DocumentCodecProvider{}, CollectionCodecProvider{}, IterableCodecProvider{}, MapCodecProvider{}, GeoJsonCodecProvider{}, GridFSFileCodecProvider{}, Jsr310CodecProvider{}, JsonObjectCodecProvider{}, BsonCodecProvider{}, EnumCodecProvider{}, com.mongodb.client.model.mql.ExpressionCodecProvider@671d97bc, com.mongodb.Jep395RecordCodecProvider@774f2992, com.mongodb.KotlinCodecProvider@602298b]}, loggerSettings=LoggerSettings{maxDocumentLength=1000}, clusterSettings={hosts=[localhost:27017], srvServiceName=mongodb, mode=SINGLE, requiredClusterType=UNKNOWN, requiredReplicaSetName='null', serverSelector='null', clusterListeners='[]', serverSelectionTimeout='30000 ms', localThreshold='15 ms'}, socketSettings=SocketSettings{connectTimeoutMS=10000, readTimeoutMS=0, receiveBufferSize=0, proxySettings=ProxySettings{host=null, port=null, username=null, password=null}}, heartbeatSocketSettings=SocketSettings{connectTimeoutMS=10000, readTimeoutMS=10000, receiveBufferSize=0, proxySettings=ProxySettings{host=null, port=null, username=null, password=null}}, connectionPoolSettings=ConnectionPoolSettings{maxSize=100, minSize=0, maxWaitTimeMS=120000, maxConnectionLifeTimeMS=0, maxConnectionIdleTimeMS=0, maintenanceInitialDelayMS=0, maintenanceFrequencyMS=60000, connectionPoolListeners=[], maxConnecting=2}, serverSettings=ServerSettings{heartbeatFrequencyMS=10000, minHeartbeatFrequencyMS=500, serverListeners='[]', serverMonitorListeners='[]'}, sslSettings=SslSettings{enabled=false, invalidHostNameAllowed=false, context=null}, applicationName='null', compressorList=[], uuidRepresentation=JAVA_LEGACY, serverApi=null, autoEncryptionSettings=null, dnsClient=null, inetAddressResolver=null, contextProvider=null}
2024-12-04T18:45:07.025Z  WARN 83524 --- [zilla-order] [           main] .s.s.UserDetailsServiceAutoConfiguration : 

Using generated security password: cdde5340-afc2-4ef3-9c8a-62c4aafbefcb

This generated password is for development use only. Your security configuration must be updated before running your application in production.

2024-12-04T18:45:07.025Z  INFO 83524 --- [zilla-order] [           main] r$InitializeUserDetailsManagerConfigurer : Global AuthenticationManager configured with UserDetailsService bean with name inMemoryUserDetailsManager
2024-12-04T18:45:07.108Z  INFO 83524 --- [zilla-order] [           main] c.d.z.ZillaOrderApplicationTests         : Started ZillaOrderApplicationTests in 0.412 seconds (process running for 53.522)
2024-12-04T18:45:07.108Z  INFO 83524 --- [zilla-order] [           main] c.d.zilla_order.ZillaOrderApplication    : Customers found with findAll():
2024-12-04T18:45:07.108Z  INFO 83524 --- [zilla-order] [           main] c.d.zilla_order.ZillaOrderApplication    : -------------------------------
2024-12-04T18:45:07.113Z  INFO 83524 --- [zilla-order] [           main] org.mongodb.driver.cluster               : Waiting for server to become available for operation with ID 11. Remaining time: 30000 ms. Selector: ReadPreferenceServerSelector{readPreference=primary}, topology description: {type=UNKNOWN, servers=[{address=localhost:27017, type=UNKNOWN, state=CONNECTING}].
2024-12-04T18:45:08.276Z  INFO 83524 --- [zilla-order] [localhost:27017] org.mongodb.driver.cluster               : Monitor thread successfully connected to server with description ServerDescription{address=localhost:27017, type=STANDALONE, state=CONNECTED, ok=true, minWireVersion=0, maxWireVersion=25, maxDocumentSize=16777216, logicalSessionTimeoutMinutes=30, roundTripTimeNanos=1306764900}
2024-12-04T18:45:09.492Z  INFO 83524 --- [zilla-order] [           main] c.d.zilla_order.ZillaOrderApplication    : Product name: Iphone 15
2024-12-04T18:45:09.492Z  INFO 83524 --- [zilla-order] [           main] c.d.zilla_order.ZillaOrderApplication    : Product Price`: 1299
2024-12-04T18:45:09.493Z  INFO 83524 --- [zilla-order] [           main] c.d.zilla_order.ZillaOrderApplication    : Product name: Samsung Galaxy S23
2024-12-04T18:45:09.493Z  INFO 83524 --- [zilla-order] [           main] c.d.zilla_order.ZillaOrderApplication    : Product Price`: 999
2024-12-04T18:45:09.493Z  INFO 83524 --- [zilla-order] [           main] c.d.zilla_order.ZillaOrderApplication    : Product name: MacBook Air
2024-12-04T18:45:09.493Z  INFO 83524 --- [zilla-order] [           main] c.d.zilla_order.ZillaOrderApplication    : Product Price`: 1299
2024-12-04T18:45:09.493Z  INFO 83524 --- [zilla-order] [           main] c.d.zilla_order.ZillaOrderApplication    : Product name: Dell XPS 13
2024-12-04T18:45:09.493Z  INFO 83524 --- [zilla-order] [           main] c.d.zilla_order.ZillaOrderApplication    : Product Price`: 1399
2024-12-04T18:45:09.493Z  INFO 83524 --- [zilla-order] [           main] c.d.zilla_order.ZillaOrderApplication    : Product name: Google Pixel 7
2024-12-04T18:45:09.493Z  INFO 83524 --- [zilla-order] [           main] c.d.zilla_order.ZillaOrderApplication    : Product Price`: 899
2024-12-04T18:45:09.493Z  INFO 83524 --- [zilla-order] [           main] c.d.zilla_order.ZillaOrderApplication    : Product name: Bottle of Water
2024-12-04T18:45:09.493Z  INFO 83524 --- [zilla-order] [           main] c.d.zilla_order.ZillaOrderApplication    : Product Price`: 2.99
2024-12-04T18:45:09.494Z  INFO 83524 --- [zilla-order] [           main] c.d.zilla_order.ZillaOrderApplication    : Product name: Bottle of Whiskey
2024-12-04T18:45:09.494Z  INFO 83524 --- [zilla-order] [           main] c.d.zilla_order.ZillaOrderApplication    : Product Price`: 29.99
]]></system-out>
  </testcase>
</testsuite>